
*** Running vivado
    with args -log FA.vds -m64 -product Vivado -mode batch -messageDb vivado.pb -notrace -source FA.tcl


****** Vivado v2018.2 (64-bit)
  **** SW Build 2258646 on Thu Jun 14 20:03:12 MDT 2018
  **** IP Build 2256618 on Thu Jun 14 22:10:49 MDT 2018
    ** Copyright 1986-2018 Xilinx, Inc. All Rights Reserved.

source FA.tcl -notrace
Command: synth_design -top FA -part xc7a35tcpg236-1
Starting synth_design
Attempting to get a license for feature 'Synthesis' and/or device 'xc7a35t'
INFO: [Common 17-349] Got license for feature 'Synthesis' and/or device 'xc7a35t'
INFO: Launching helper process for spawning children vivado processes
INFO: Helper process launched with PID 29760 
---------------------------------------------------------------------------------
Starting RTL Elaboration : Time (s): cpu = 00:00:02 ; elapsed = 00:00:05 . Memory (MB): peak = 434.773 ; gain = 96.023
---------------------------------------------------------------------------------
INFO: [Synth 8-638] synthesizing module 'FA' [C:/Users/SITHUM JEEVANTHA/Desktop/VIVADO/lab 3/lab 3.srcs/sources_1/new/FA.vhd:42]
INFO: [Synth 8-3491] module 'HA' declared at 'C:/Users/SITHUM JEEVANTHA/Desktop/VIVADO/lab 3/lab 3.srcs/sources_1/new/HA.vhd:34' bound to instance 'HA_0' of component 'HA' [C:/Users/SITHUM JEEVANTHA/Desktop/VIVADO/lab 3/lab 3.srcs/sources_1/new/FA.vhd:51]
INFO: [Synth 8-638] synthesizing module 'HA' [C:/Users/SITHUM JEEVANTHA/Desktop/VIVADO/lab 3/lab 3.srcs/sources_1/new/HA.vhd:41]
INFO: [Synth 8-256] done synthesizing module 'HA' (1#1) [C:/Users/SITHUM JEEVANTHA/Desktop/VIVADO/lab 3/lab 3.srcs/sources_1/new/HA.vhd:41]
INFO: [Synth 8-3491] module 'HA' declared at 'C:/Users/SITHUM JEEVANTHA/Desktop/VIVADO/lab 3/lab 3.srcs/sources_1/new/HA.vhd:34' bound to instance 'HA_1' of component 'HA' [C:/Users/SITHUM JEEVANTHA/Desktop/VIVADO/lab 3/lab 3.srcs/sources_1/new/FA.vhd:57]
INFO: [Synth 8-256] done synthesizing module 'FA' (2#1) [C:/Users/SITHUM JEEVANTHA/Desktop/VIVADO/lab 3/lab 3.srcs/sources_1/new/FA.vhd:42]
---------------------------------------------------------------------------------
Finished RTL Elaboration : Time (s): cpu = 00:00:03 ; elapsed = 00:00:06 . Memory (MB): peak = 489.668 ; gain = 150.918
---------------------------------------------------------------------------------

Report Check Netlist: 
+------+------------------+-------+---------+-------+------------------+
|      |Item              |Errors |Warnings |Status |Description       |
+------+------------------+-------+---------+-------+------------------+
|1     |multi_driven_nets |      0|        0|Passed |Multi driven nets |
+------+------------------+-------+---------+-------+------------------+
---------------------------------------------------------------------------------
Start Handling Custom Attributes
---------------------------------------------------------------------------------
---------------------------------------------------------------------------------
Finished Handling Custom Attributes : Time (s): cpu = 00:00:03 ; elapsed = 00:00:06 . Memory (MB): peak = 489.668 ; gain = 150.918
---------------------------------------------------------------------------------
---------------------------------------------------------------------------------
Finished RTL Optimization Phase 1 : Time (s): cpu = 00:00:03 ; elapsed = 00:00:06 . Memory (MB): peak = 489.668 ; gain = 150.918
---------------------------------------------------------------------------------
INFO: [Device 21-403] Loading part xc7a35tcpg236-1
INFO: [Project 1-570] Preparing netlist for logic optimization

Processing XDC Constraints
Initializing timing engine
Parsing XDC File [C:/Users/SITHUM JEEVANTHA/Desktop/Basys3Labs.xdc]
CRITICAL WARNING: [Designutils 20-1307] Command 'Switches' is not supported in the xdc constraint file. [C:/Users/SITHUM JEEVANTHA/Desktop/Basys3Labs.xdc:11]
CRITICAL WARNING: [Designutils 20-1307] Command 'LEDs' is not supported in the xdc constraint file. [C:/Users/SITHUM JEEVANTHA/Desktop/Basys3Labs.xdc:46]
WARNING: [Vivado 12-584] No ports matched 'C'. [C:/Users/SITHUM JEEVANTHA/Desktop/Basys3Labs.xdc:49]
CRITICAL WARNING: [Common 17-55] 'set_property' expects at least one object. [C:/Users/SITHUM JEEVANTHA/Desktop/Basys3Labs.xdc:49]
Resolution: If [get_<value>] was used to populate the object, check to make sure this command returns at least one valid object.
WARNING: [Vivado 12-584] No ports matched 'C'. [C:/Users/SITHUM JEEVANTHA/Desktop/Basys3Labs.xdc:50]
CRITICAL WARNING: [Common 17-55] 'set_property' expects at least one object. [C:/Users/SITHUM JEEVANTHA/Desktop/Basys3Labs.xdc:50]
Resolution: If [get_<value>] was used to populate the object, check to make sure this command returns at least one valid object.
Finished Parsing XDC File [C:/Users/SITHUM JEEVANTHA/Desktop/Basys3Labs.xdc]
INFO: [Project 1-236] Implementation specific constraints were found while reading constraint file [C:/Users/SITHUM JEEVANTHA/Desktop/Basys3Labs.xdc]. These constraints will be ignored for synthesis but will be used in implementation. Impacted constraints are listed in the file [.Xil/FA_propImpl.xdc].
Resolution: To avoid this warning, move constraints listed in [.Xil/FA_propImpl.xdc] to another XDC file and exclude this new file from synthesis with the used_in_synthesis property (File Properties dialog in GUI) and re-run elaboration/synthesis.
Completed Processing XDC Constraints

INFO: [Project 1-111] Unisim Transformation Summary:
No Unisim elements were transformed.

Constraint Validation Runtime : Time (s): cpu = 00:00:00 ; elapsed = 00:00:00.006 . Memory (MB): peak = 752.219 ; gain = 0.000
---------------------------------------------------------------------------------
Finished Constraint Validation : Time (s): cpu = 00:00:10 ; elapsed = 00:00:24 . Memory (MB): peak = 752.219 ; gain = 413.469
---------------------------------------------------------------------------------
---------------------------------------------------------------------------------
Start Loading Part and Timing Information
---------------------------------------------------------------------------------
Loading part: xc7a35tcpg236-1
---------------------------------------------------------------------------------
Finished Loading Part and Timing Information : Time (s): cpu = 00:00:10 ; elapsed = 00:00:24 . Memory (MB): peak = 752.219 ; gain = 413.469
---------------------------------------------------------------------------------
---------------------------------------------------------------------------------
Start Applying 'set_property' XDC Constraints
---------------------------------------------------------------------------------
---------------------------------------------------------------------------------
Finished applying 'set_property' XDC Constraints : Time (s): cpu = 00:00:10 ; elapsed = 00:00:24 . Memory (MB): peak = 752.219 ; gain = 413.469
---------------------------------------------------------------------------------
---------------------------------------------------------------------------------
Finished RTL Optimization Phase 2 : Time (s): cpu = 00:00:11 ; elapsed = 00:00:25 . Memory (MB): peak = 752.219 ; gain = 413.469
---------------------------------------------------------------------------------

Report RTL Partitions: 
+-+--------------+------------+----------+
| |RTL Partition |Replication |Instances |
+-+--------------+------------+----------+
+-+--------------+------------+----------+
---------------------------------------------------------------------------------
Start RTL Component Statistics 
---------------------------------------------------------------------------------
Detailed RTL Component Info : 
+---XORs : 
	   2 Input      1 Bit         XORs := 2     
---------------------------------------------------------------------------------
Finished RTL Component Statistics 
---------------------------------------------------------------------------------
---------------------------------------------------------------------------------
Start RTL Hierarchical Component Statistics 
---------------------------------------------------------------------------------
Hierarchical RTL Component report 
Module HA 
Detailed RTL Component Info : 
+---XORs : 
	   2 Input      1 Bit         XORs := 1     
---------------------------------------------------------------------------------
Finished RTL Hierarchical Component Statistics
---------------------------------------------------------------------------------
---------------------------------------------------------------------------------
Start Part Resource Summary
---------------------------------------------------------------------------------
Part Resources:
DSPs: 90 (col length:60)
BRAMs: 100 (col length: RAMB18 60 RAMB36 30)
---------------------------------------------------------------------------------
Finished Part Resource Summary
---------------------------------------------------------------------------------
---------------------------------------------------------------------------------
Start Cross Boundary and Area Optimization
---------------------------------------------------------------------------------
Warning: Parallel synthesis criteria is not met 
---------------------------------------------------------------------------------
Finished Cross Boundary and Area Optimization : Time (s): cpu = 00:00:11 ; elapsed = 00:00:26 . Memory (MB): peak = 752.219 ; gain = 413.469
---------------------------------------------------------------------------------

Report RTL Partitions: 
+-+--------------+------------+----------+
| |RTL Partition |Replication |Instances |
+-+--------------+------------+----------+
+-+--------------+------------+----------+
---------------------------------------------------------------------------------
Start Applying XDC Timing Constraints
---------------------------------------------------------------------------------
---------------------------------------------------------------------------------
Finished Applying XDC Timing Constraints : Time (s): cpu = 00:00:19 ; elapsed = 00:00:43 . Memory (MB): peak = 799.254 ; gain = 460.504
---------------------------------------------------------------------------------
---------------------------------------------------------------------------------
Start Timing Optimization
---------------------------------------------------------------------------------
---------------------------------------------------------------------------------
Finished Timing Optimization : Time (s): cpu = 00:00:19 ; elapsed = 00:00:43 . Memory (MB): peak = 799.254 ; gain = 460.504
---------------------------------------------------------------------------------

Report RTL Partitions: 
+-+--------------+------------+----------+
| |RTL Partition |Replication |Instances |
+-+--------------+------------+----------+
+-+--------------+------------+----------+
---------------------------------------------------------------------------------
Start Technology Mapping
---------------------------------------------------------------------------------
---------------------------------------------------------------------------------
Finished Technology Mapping : Time (s): cpu = 00:00:19 ; elapsed = 00:00:43 . Memory (MB): peak = 799.254 ; gain = 460.504
---------------------------------------------------------------------------------

Report RTL Partitions: 
+-+--------------+------------+----------+
| |RTL Partition |Replication |Instances |
+-+--------------+------------+----------+
+-+--------------+------------+----------+
---------------------------------------------------------------------------------
Start IO Insertion
---------------------------------------------------------------------------------
---------------------------------------------------------------------------------
Start Flattening Before IO Insertion
---------------------------------------------------------------------------------
---------------------------------------------------------------------------------
Finished Flattening Before IO Insertion
---------------------------------------------------------------------------------
---------------------------------------------------------------------------------
Start Final Netlist Cleanup
---------------------------------------------------------------------------------
---------------------------------------------------------------------------------
Finished Final Netlist Cleanup
---------------------------------------------------------------------------------
---------------------------------------------------------------------------------
Finished IO Insertion : Time (s): cpu = 00:00:19 ; elapsed = 00:00:44 . Memory (MB): peak = 800.383 ; gain = 461.633
---------------------------------------------------------------------------------

Report Check Netlist: 
+------+------------------+-------+---------+-------+------------------+
|      |Item              |Errors |Warnings |Status |Description       |
+------+------------------+-------+---------+-------+------------------+
|1     |multi_driven_nets |      0|        0|Passed |Multi driven nets |
+------+------------------+-------+---------+-------+------------------+
---------------------------------------------------------------------------------
Start Renaming Generated Instances
---------------------------------------------------------------------------------
---------------------------------------------------------------------------------
Finished Renaming Generated Instances : Time (s): cpu = 00:00:19 ; elapsed = 00:00:44 . Memory (MB): peak = 800.383 ; gain = 461.633
---------------------------------------------------------------------------------

Report RTL Partitions: 
+-+--------------+------------+----------+
| |RTL Partition |Replication |Instances |
+-+--------------+------------+----------+
+-+--------------+------------+----------+
---------------------------------------------------------------------------------
Start Rebuilding User Hierarchy
---------------------------------------------------------------------------------
---------------------------------------------------------------------------------
Finished Rebuilding User Hierarchy : Time (s): cpu = 00:00:19 ; elapsed = 00:00:44 . Memory (MB): peak = 800.383 ; gain = 461.633
---------------------------------------------------------------------------------
---------------------------------------------------------------------------------
Start Renaming Generated Ports
---------------------------------------------------------------------------------
---------------------------------------------------------------------------------
Finished Renaming Generated Ports : Time (s): cpu = 00:00:19 ; elapsed = 00:00:44 . Memory (MB): peak = 800.383 ; gain = 461.633
---------------------------------------------------------------------------------
---------------------------------------------------------------------------------
Start Handling Custom Attributes
---------------------------------------------------------------------------------
---------------------------------------------------------------------------------
Finished Handling Custom Attributes : Time (s): cpu = 00:00:19 ; elapsed = 00:00:44 . Memory (MB): peak = 800.383 ; gain = 461.633
---------------------------------------------------------------------------------
---------------------------------------------------------------------------------
Start Renaming Generated Nets
---------------------------------------------------------------------------------
---------------------------------------------------------------------------------
Finished Renaming Generated Nets : Time (s): cpu = 00:00:19 ; elapsed = 00:00:44 . Memory (MB): peak = 800.383 ; gain = 461.633
---------------------------------------------------------------------------------
---------------------------------------------------------------------------------
Start Writing Synthesis Report
---------------------------------------------------------------------------------

Report BlackBoxes: 
+-+--------------+----------+
| |BlackBox name |Instances |
+-+--------------+----------+
+-+--------------+----------+

Report Cell Usage: 
+------+-----+------+
|      |Cell |Count |
+------+-----+------+
|1     |LUT3 |     2|
|2     |IBUF |     3|
|3     |OBUF |     2|
+------+-----+------+

Report Instance Areas: 
+------+---------+-------+------+
|      |Instance |Module |Cells |
+------+---------+-------+------+
|1     |top      |       |     7|
+------+---------+-------+------+
---------------------------------------------------------------------------------
Finished Writing Synthesis Report : Time (s): cpu = 00:00:19 ; elapsed = 00:00:44 . Memory (MB): peak = 800.383 ; gain = 461.633
---------------------------------------------------------------------------------
Synthesis finished with 0 errors, 0 critical warnings and 0 warnings.
Synthesis Optimization Runtime : Time (s): cpu = 00:00:12 ; elapsed = 00:00:31 . Memory (MB): peak = 800.410 ; gain = 199.109
Synthesis Optimization Complete : Time (s): cpu = 00:00:20 ; elapsed = 00:00:45 . Memory (MB): peak = 800.410 ; gain = 461.660
INFO: [Project 1-571] Translating synthesized netlist
INFO: [Netlist 29-17] Analyzing 3 Unisim elements for replacement
INFO: [Netlist 29-28] Unisim Transformation completed in 0 CPU seconds
INFO: [Project 1-570] Preparing netlist for logic optimization
INFO: [Opt 31-138] Pushed 0 inverter(s) to 0 load pin(s).
INFO: [Project 1-111] Unisim Transformation Summary:
No Unisim elements were transformed.

INFO: [Common 17-83] Releasing license: Synthesis
18 Infos, 2 Warnings, 4 Critical Warnings and 0 Errors encountered.
synth_design completed successfully
synth_design: Time (s): cpu = 00:00:21 ; elapsed = 00:00:48 . Memory (MB): peak = 822.266 ; gain = 496.445
WARNING: [Constraints 18-5210] No constraint will be written out.
INFO: [Common 17-1381] The checkpoint 'C:/Users/SITHUM JEEVANTHA/Desktop/VIVADO/lab 3/lab 3.runs/synth_1/FA.dcp' has been generated.
INFO: [runtcl-4] Executing : report_utilization -file FA_utilization_synth.rpt -pb FA_utilization_synth.pb
report_utilization: Time (s): cpu = 00:00:00 ; elapsed = 00:00:00.053 . Memory (MB): peak = 822.562 ; gain = 0.000
INFO: [Common 17-206] Exiting Vivado at Sat Mar 18 01:00:58 2023...
